1608632186|Sergey Kovalenko|serro_ko@bigmir.net|+380632316793|asd
1608632259|Sergey Kovalenko|serro_ko@bigmir.net|+380632316793|asd
1608632347|Sergey Kovalenko|serro_ko@bigmir.net|+380632316793|asd
1608632368|Sergey Kovalenko|serro_ko@bigmir.net|+380632316793|asd
1608632510|Sergey Kovalenko|serro_ko@bigmir.net|+380632316793|sd
1608632625|Sergey Kovalenko|serro_ko@bigmir.net|+380632316793|asd
1608633349|Сергей Борисович Коваленко|serro_ko@bigmir.net|+380632316793|фыв
1610210030|Sergey Kovalenko|serro_ko@bigmir.net|+380632316793|asds
1610210961|Sergey Kovalenko|serro_ko@bigmir.net|+380632316793|123
1610211978|Sergey Kovalenko|serro_ko@bigmir.net|+380632316793|+380632316793
1610212077|Sergey Kovalenko|serro_ko@bigmir.net|+380632316793|+380632316793
1610212199|Sergey Kovalenko|serro_ko@bigmir.net|+380632316793|+380632316793
1610212207|Sergey Kovalenko|serro_ko@bigmir.net|+380632316793|+380632316793
1610212250|Sergey Kovalenko|serro_ko@bigmir.net|+380632316793|+380632316793
1610212302|Sergey Kovalenko|serro_ko@bigmir.net|+380632316793|+380632316793
1610212915|asd|serro_ko@bigmir.net|+380632316793|asd
1610213036|asd|serro_ko@bigmir.net|+380632316793|asd
1610213050|Sergey Kovalenko|serro_ko@bigmir.net|+380632316793|asddddd
1610213167|Sergey Kovalenko|serro_ko@bigmir.net|+380632316793|asdasd
1610214060|Sergey Kovalenko|serro_ko@bigmir.netasd|+380632316793|asd
1610214102|Sergey Kovalenko|serro_ko@bigmir.net|+380632316793|asdddddddddddddddddd
1610214261|Sergey Kovalenko|serro_ko@bigmir.net|+380632316793|aa
1610214514|Sergey Kovalenko|serro_ko@bigmir.net|+380632316793|dsa
1610214555|Sergey Kovalenko|serro_ko@bigmir.net|+380632316793|asd
1610214635|Sergey Kovalenko|serro_ko@bigmir.net|+380632316793|+380632316793
1610214927|Sergey Kovalenko|serro_ko@bigmir.net|+380632316793|asd
1610214954|Sergey Kovalenko|serro_ko@bigmir.net|+380632316793|asd
1610214959|Sergey Kovalenko|serro_ko@bigmir.net|+380632316793|asd
1610214980|Sergey Kovalenko|serro_ko@bigmir.net|+380632316793|asd
1610215071|Sergey Kovalenko|serro_ko@bigmir.net|+380632316793|asd
1610215090|Sergey Kovalenko|serro_ko@bigmir.net|+380632316793|asd
1610215538|Sergey Kovalenko|serro_ko@bigmir.net|+380632316793|123
1610227621|Sergey Kovalenko|serro_ko@bigmir.net|+380632316793|999
1610229125|Sergey Kovalenko|serro_ko@bigmir.net|+380632316793|Sergey Kovalenko
1610230249|Sergey Kovalenko|serro_ko@bigmir.net|+380632316793|a
1610311072|Sergey Kovalenko|serro_ko@bigmir.net|+380632316793|a
1610311129|Sergey Kovalenko|serro_ko@bigmir.net|+380632316793|aa
1610311254|Sergey Kovalenko|serro_ko@bigmir.net|+380632316793|sa
1610311321|Sergey Kovalenko|serro_ko@bigmir.net|+380632316793|123
1610311366|Sergey Kovalenko|serro_ko@bigmir.net|+380632316793|123
1610311415|Sergey Kovalenko|serro_ko@bigmir.net|+380632316793|123a
1610311437|Sergey Kovalenko|serro_ko@bigmir.net|+380632316793|123a
1610311533|Sergey Kovalenko|serro_ko@bigmir.net|+380632316793|123a
1610311641|Sergey Kovalenko|serro_ko@bigmir.net|+380632316793|asd
1610311675|Sergey Kovalenko|serro_ko@bigmir.net|+380632316793|asd
1610311708|Sergey Kovalenko|serro_ko@bigmir.net|+380632316793|asd
1610312051|Sergey Kovalenko|serro_ko@bigmir.net|+380632316793|asd
1610312110|Sergey Kovalenko|serro_ko@bigmir.net|+380632316793|asd
1610312143|Sergey Kovalenko|serro_ko@bigmir.net|+380632316793|1
1610312592|Sergey Kovalenko|serro_ko@bigmir.net|+380632316793|1
